-------------------------------------------------------------------------------
Test set: TestSuite
-------------------------------------------------------------------------------
Tests run: 4, Failures: 1, Errors: 0, Skipped: 3, Time elapsed: 181.013 s <<< FAILURE! - in TestSuite
ai.iamneo.testing.Testing_Selenium_TestNg.AppTest.beforeTest  Time elapsed: 180.885 s  <<< FAILURE!
org.openqa.selenium.SessionNotCreatedException: Could not start a new session. Possible causes are invalid address of the remote server or browser start-up failure.
	at ai.iamneo.testing.Testing_Selenium_TestNg.AppTest.beforeTest(AppTest.java:22)
Caused by: org.openqa.selenium.TimeoutException: 
java.util.concurrent.TimeoutException
Build info: version: '4.1.0', revision: '87802e897b'
System info: host: 'eebaaecbccfaabacdafbccaefccb-0', ip: '10.80.6.6', os.name: 'Linux', os.arch: 'amd64', os.version: '5.15.107+', java.version: '11.0.18'
Driver info: driver.version: RemoteWebDriver
	at ai.iamneo.testing.Testing_Selenium_TestNg.AppTest.beforeTest(AppTest.java:22)
Caused by: java.util.concurrent.TimeoutException
	at ai.iamneo.testing.Testing_Selenium_TestNg.AppTest.beforeTest(AppTest.java:22)

