-------------------------------------------------------------------------------
Test set: TestSuite
-------------------------------------------------------------------------------
Tests run: 4, Failures: 1, Errors: 0, Skipped: 3, Time elapsed: 10.941 s <<< FAILURE! - in TestSuite
ai.iamneo.testing.Testing_Selenium_TestNg.AppTest.beforeTest  Time elapsed: 10.817 s  <<< FAILURE!
org.openqa.selenium.SessionNotCreatedException: 
Could not start a new session. Possible causes are invalid address of the remote server or browser start-up failure.
Build info: version: '4.1.0', revision: '87802e897b'
System info: host: 'eebaaecbccfaabacdafbccaefccb-0', ip: '10.80.6.8', os.name: 'Linux', os.arch: 'amd64', os.version: '5.15.107+', java.version: '11.0.18'
Driver info: org.openqa.selenium.remote.RemoteWebDriver
Command: [null, newSession {capabilities=[Capabilities {browserName: chrome, goog:chromeOptions: {args: [], extensions: []}}], desiredCapabilities=Capabilities {browserName: chrome, goog:chromeOptions: {args: [], extensions: []}}}]
Capabilities {}
	at ai.iamneo.testing.Testing_Selenium_TestNg.AppTest.beforeTest(AppTest.java:22)
Caused by: java.io.UncheckedIOException: java.net.ConnectException: not an SSL/TLS record: 485454502f312e31203430302042616420526571756573740d0a636f6e74656e742d6c656e6774683a2031350d0a636f6e6e656374696f6e3a20636c6f73650d0a0d0a343030204261642052657175657374
	at ai.iamneo.testing.Testing_Selenium_TestNg.AppTest.beforeTest(AppTest.java:22)
Caused by: java.net.ConnectException: not an SSL/TLS record: 485454502f312e31203430302042616420526571756573740d0a636f6e74656e742d6c656e6774683a2031350d0a636f6e6e656374696f6e3a20636c6f73650d0a0d0a343030204261642052657175657374
Caused by: io.netty.handler.ssl.NotSslRecordException: not an SSL/TLS record: 485454502f312e31203430302042616420526571756573740d0a636f6e74656e742d6c656e6774683a2031350d0a636f6e6e656374696f6e3a20636c6f73650d0a0d0a343030204261642052657175657374

