<?xml version="1.0" encoding="UTF-8"?>
<!-- Generated by org.testng.reporters.JUnitXMLReporter -->
<testsuite ignored="0" hostname="eebaaecbccfaabacdafbccaefccb-0" failures="2" tests="2" name="Test" time="5.947" errors="0" timestamp="2023-08-31T05:04:27 UTC">
  <testcase classname="ai.iamneo.testing.Testing_Selenium_TestNg.AppTest" name="testcase_1" time="0.003">
    <failure type="java.lang.AssertionError" message="expected [ ] but found [Get the Title]">
      <![CDATA[java.lang.AssertionError: expected [ ] but found [Get the Title]
at ai.iamneo.testing.Testing_Selenium_TestNg.AppTest.testcase_1(AppTest.java:29)
at java.base/java.util.ArrayList.forEach(ArrayList.java:1541)
... Removed 37 stack frames]]>
    </failure>
  </testcase> <!-- testcase_1 -->
  <testcase classname="ai.iamneo.testing.Testing_Selenium_TestNg.AppTest" name="testcase_2" time="0.0">
    <failure type="java.lang.AssertionError" message="expected [ ] but found [get Yor profilename]">
      <![CDATA[java.lang.AssertionError: expected [ ] but found [get Yor profilename]
at ai.iamneo.testing.Testing_Selenium_TestNg.AppTest.testcase_2(AppTest.java:38)
at java.base/java.util.ArrayList.forEach(ArrayList.java:1541)
... Removed 37 stack frames]]>
    </failure>
  </testcase> <!-- testcase_2 -->
</testsuite> <!-- Test -->
